Using pre-set license
Built from '2020.3/staging' branch; Version is '2020.3.18f1 (a7d1c678663c) revision 10998214'; Using compiler version '192528614'; Build Type 'Release'
OS: 'Windows 10 Home; OS build 22000.258; Version 2009; 64bit' Language: 'en' Physical Memory: 7829 MB
BatchMode: 1, IsHumanControllingUs: 0, StartBugReporterOnCrash: 0, Is64bit: 1, IsPro: 0

COMMAND LINE ARGUMENTS:
C:\Program Files\Unity\Hub\Editor\2020.3.18f1\Editor\Unity.exe
-adb2
-batchMode
-noUpm
-name
AssetImportWorker0
-projectPath
C:/Users/jpdun/Desktop/Dunbar-2D-Week/Dunbar 2D Week
-logFile
Logs/AssetImportWorker0.log
-srvPort
53076
Successfully changed project path to: C:/Users/jpdun/Desktop/Dunbar-2D-Week/Dunbar 2D Week
C:/Users/jpdun/Desktop/Dunbar-2D-Week/Dunbar 2D Week
Using Asset Import Pipeline V2.
Refreshing native plugins compatible for Editor in 38.30 ms, found 3 plugins.
Preloading 0 native plugins for Editor in 0.00 ms.
Initialize engine version: 2020.3.18f1 (a7d1c678663c)
[Subsystems] Discovering subsystems at path C:/Program Files/Unity/Hub/Editor/2020.3.18f1/Editor/Data/Resources/UnitySubsystems
[Subsystems] Discovering subsystems at path C:/Users/jpdun/Desktop/Dunbar-2D-Week/Dunbar 2D Week/Assets
GfxDevice: creating device client; threaded=0
Direct3D:
    Version:  Direct3D 11.0 [level 11.1]
    Renderer: NVIDIA GeForce RTX 3050 Laptop GPU (ID=0x25a5)
    Vendor:   
    VRAM:     3991 MB
    Driver:   30.0.14.7219
Initialize mono
Mono path[0] = 'C:/Program Files/Unity/Hub/Editor/2020.3.18f1/Editor/Data/Managed'
Mono path[1] = 'C:/Program Files/Unity/Hub/Editor/2020.3.18f1/Editor/Data/MonoBleedingEdge/lib/mono/unityjit'
Mono config path = 'C:/Program Files/Unity/Hub/Editor/2020.3.18f1/Editor/Data/MonoBleedingEdge/etc'
Using monoOptions --debugger-agent=transport=dt_socket,embedding=1,server=y,suspend=n,address=127.0.0.1:56888
Begin MonoManager ReloadAssembly
Registering precompiled unity dll's ...
Register platform support module: C:/Program Files/Unity/Hub/Editor/2020.3.18f1/Editor/Data/PlaybackEngines/WindowsStandaloneSupport/UnityEditor.WindowsStandalone.Extensions.dll
Registered in 0.002286 seconds.
Native extension for WindowsStandalone target not found
Refreshing native plugins compatible for Editor in 33.28 ms, found 3 plugins.
Preloading 0 native plugins for Editor in 0.00 ms.
Mono: successfully reloaded assembly
- Completed reload, in  1.723 seconds
Domain Reload Profiling:
	ReloadAssembly (1723ms)
		BeginReloadAssembly (37ms)
			ExecutionOrderSort (0ms)
			DisableScriptedObjects (0ms)
			BackupInstance (0ms)
			ReleaseScriptingObjects (0ms)
			CreateAndSetChildDomain (1ms)
		EndReloadAssembly (297ms)
			LoadAssemblies (35ms)
			RebuildTransferFunctionScriptingTraits (1ms)
			SetupTypeCache (99ms)
			ReleaseScriptCaches (0ms)
			RebuildScriptCaches (22ms)
			SetupLoadedEditorAssemblies (123ms)
				LogAssemblyErrors (0ms)
				InitializePlatformSupportModulesInManaged (3ms)
				SetLoadedEditorAssemblies (0ms)
				RefreshPlugins (33ms)
				BeforeProcessingInitializeOnLoad (6ms)
				ProcessInitializeOnLoadAttributes (57ms)
				ProcessInitializeOnLoadMethodAttributes (23ms)
				AfterProcessingInitializeOnLoad (0ms)
				EditorAssembliesLoaded (0ms)
			ExecutionOrderSort2 (0ms)
			AwakeInstancesAfterBackupRestoration (0ms)
Platform modules already initialized, skipping
Registering precompiled user dll's ...
Registered in 0.005203 seconds.
Begin MonoManager ReloadAssembly
Native extension for WindowsStandalone target not found
Refreshing native plugins compatible for Editor in 37.16 ms, found 3 plugins.
Preloading 0 native plugins for Editor in 0.00 ms.
Mono: successfully reloaded assembly
- Completed reload, in  0.823 seconds
Domain Reload Profiling:
	ReloadAssembly (824ms)
		BeginReloadAssembly (101ms)
			ExecutionOrderSort (0ms)
			DisableScriptedObjects (3ms)
			BackupInstance (0ms)
			ReleaseScriptingObjects (0ms)
			CreateAndSetChildDomain (15ms)
		EndReloadAssembly (677ms)
			LoadAssemblies (77ms)
			RebuildTransferFunctionScriptingTraits (0ms)
			SetupTypeCache (204ms)
			ReleaseScriptCaches (0ms)
			RebuildScriptCaches (33ms)
			SetupLoadedEditorAssemblies (273ms)
				LogAssemblyErrors (0ms)
				InitializePlatformSupportModulesInManaged (3ms)
				SetLoadedEditorAssemblies (0ms)
				RefreshPlugins (37ms)
				BeforeProcessingInitializeOnLoad (52ms)
				ProcessInitializeOnLoadAttributes (166ms)
				ProcessInitializeOnLoadMethodAttributes (11ms)
				AfterProcessingInitializeOnLoad (3ms)
				EditorAssembliesLoaded (0ms)
			ExecutionOrderSort2 (0ms)
			AwakeInstancesAfterBackupRestoration (5ms)
Platform modules already initialized, skipping
========================================================================
Worker process is ready to serve import requests
Launched and connected shader compiler UnityShaderCompiler.exe after 0.04 seconds
Refreshing native plugins compatible for Editor in 0.45 ms, found 3 plugins.
Preloading 0 native plugins for Editor in 0.00 ms.
Unloading 2091 Unused Serialized files (Serialized files now loaded: 0)
System memory in use before: 93.1 MB.
System memory in use after: 93.2 MB.

Unloading 26 unused Assets to reduce memory usage. Loaded Objects now: 2531.
Total: 2.735500 ms (FindLiveObjects: 0.129600 ms CreateObjectMapping: 0.036600 ms MarkObjects: 2.508600 ms  DeleteObjects: 0.059500 ms)

AssetImportParameters requested are different than current active one (requested -> active):
  custom:framework-win-MediaFoundation: 216162199b28c13a410421893ffa2e32 -> 
  custom:video-decoder-ogg-theora: a1e56fd34408186e4bbccfd4996cb3dc -> 
  custom:container-muxer-webm: aa71ff27fc2769a1b78a27578f13a17b -> 
  custom:container-demuxer-webm: 4f35f7cbe854078d1ac9338744f61a02 -> 
  custom:container-demuxer-ogg: 62fdf1f143b41e24485cea50d1cbac27 -> 
  custom:video-encoder-webm-vp8: eb34c28f22e8b96e1ab97ce403110664 -> 
  custom:video-codec-MediaFoundation-h265: 746d11721c4dcdbdad8f713fa42b33f4 -> 
  custom:video-decoder-webm-vp8: 9c59270c3fd7afecdb556c50c9e8de78 -> 
  custom:audio-decoder-ogg-vorbis: bf7c407c2cedff20999df2af8eb42d56 -> 
  custom:audio-encoder-webm-vorbis: bf7c407c2cedff20999df2af8eb42d56 -> 
========================================================================
Received Import Request.
  path: Assets/Sprites/BabyRun.anim
  artifactKey: Guid(90f55108d84ae884490d3ce1b442e4f3) Importer(815301076,1909f56bfc062723c751e8b465ee728b)
Start importing Assets/Sprites/BabyRun.anim using Guid(90f55108d84ae884490d3ce1b442e4f3) Importer(815301076,1909f56bfc062723c751e8b465ee728b)  -> (artifact id: '8d793c877e6d9883b5b2f71e97bc4a30') in 0.035436 seconds 
  Import took 0.039772 seconds .

========================================================================
Received Prepare
Registering precompiled user dll's ...
Registered in 0.001558 seconds.
Begin MonoManager ReloadAssembly
Native extension for WindowsStandalone target not found
Refreshing native plugins compatible for Editor in 0.37 ms, found 3 plugins.
Preloading 0 native plugins for Editor in 0.00 ms.
Mono: successfully reloaded assembly
- Completed reload, in  0.680 seconds
Domain Reload Profiling:
	ReloadAssembly (681ms)
		BeginReloadAssembly (83ms)
			ExecutionOrderSort (0ms)
			DisableScriptedObjects (4ms)
			BackupInstance (0ms)
			ReleaseScriptingObjects (0ms)
			CreateAndSetChildDomain (26ms)
		EndReloadAssembly (556ms)
			LoadAssemblies (57ms)
			RebuildTransferFunctionScriptingTraits (0ms)
			SetupTypeCache (190ms)
			ReleaseScriptCaches (1ms)
			RebuildScriptCaches (30ms)
			SetupLoadedEditorAssemblies (200ms)
				LogAssemblyErrors (0ms)
				InitializePlatformSupportModulesInManaged (3ms)
				SetLoadedEditorAssemblies (0ms)
				RefreshPlugins (0ms)
				BeforeProcessingInitializeOnLoad (43ms)
				ProcessInitializeOnLoadAttributes (146ms)
				ProcessInitializeOnLoadMethodAttributes (4ms)
				AfterProcessingInitializeOnLoad (3ms)
				EditorAssembliesLoaded (0ms)
			ExecutionOrderSort2 (0ms)
			AwakeInstancesAfterBackupRestoration (8ms)
Platform modules already initialized, skipping
Refreshing native plugins compatible for Editor in 0.37 ms, found 3 plugins.
Preloading 0 native plugins for Editor in 0.00 ms.
Unloading 2081 Unused Serialized files (Serialized files now loaded: 0)
System memory in use before: 92.6 MB.
System memory in use after: 92.7 MB.

Unloading 14 unused Assets to reduce memory usage. Loaded Objects now: 2534.
Total: 2.359400 ms (FindLiveObjects: 0.145300 ms CreateObjectMapping: 0.035900 ms MarkObjects: 2.156200 ms  DeleteObjects: 0.021000 ms)

AssetImportParameters requested are different than current active one (requested -> active):
  custom:framework-win-MediaFoundation: 216162199b28c13a410421893ffa2e32 -> 
  custom:video-decoder-ogg-theora: a1e56fd34408186e4bbccfd4996cb3dc -> 
  custom:container-muxer-webm: aa71ff27fc2769a1b78a27578f13a17b -> 
  custom:container-demuxer-webm: 4f35f7cbe854078d1ac9338744f61a02 -> 
  custom:container-demuxer-ogg: 62fdf1f143b41e24485cea50d1cbac27 -> 
  custom:video-encoder-webm-vp8: eb34c28f22e8b96e1ab97ce403110664 -> 
  custom:video-codec-MediaFoundation-h265: 746d11721c4dcdbdad8f713fa42b33f4 -> 
  custom:video-decoder-webm-vp8: 9c59270c3fd7afecdb556c50c9e8de78 -> 
  custom:audio-decoder-ogg-vorbis: bf7c407c2cedff20999df2af8eb42d56 -> 
  custom:audio-encoder-webm-vorbis: bf7c407c2cedff20999df2af8eb42d56 -> 
========================================================================
Received Prepare
Registering precompiled user dll's ...
Registered in 0.001581 seconds.
Begin MonoManager ReloadAssembly
Native extension for WindowsStandalone target not found
Refreshing native plugins compatible for Editor in 0.36 ms, found 3 plugins.
Preloading 0 native plugins for Editor in 0.00 ms.
Mono: successfully reloaded assembly
- Completed reload, in  0.707 seconds
Domain Reload Profiling:
	ReloadAssembly (707ms)
		BeginReloadAssembly (89ms)
			ExecutionOrderSort (0ms)
			DisableScriptedObjects (4ms)
			BackupInstance (0ms)
			ReleaseScriptingObjects (0ms)
			CreateAndSetChildDomain (27ms)
		EndReloadAssembly (571ms)
			LoadAssemblies (58ms)
			RebuildTransferFunctionScriptingTraits (0ms)
			SetupTypeCache (191ms)
			ReleaseScriptCaches (1ms)
			RebuildScriptCaches (30ms)
			SetupLoadedEditorAssemblies (205ms)
				LogAssemblyErrors (0ms)
				InitializePlatformSupportModulesInManaged (3ms)
				SetLoadedEditorAssemblies (0ms)
				RefreshPlugins (0ms)
				BeforeProcessingInitializeOnLoad (42ms)
				ProcessInitializeOnLoadAttributes (151ms)
				ProcessInitializeOnLoadMethodAttributes (4ms)
				AfterProcessingInitializeOnLoad (3ms)
				EditorAssembliesLoaded (0ms)
			ExecutionOrderSort2 (0ms)
			AwakeInstancesAfterBackupRestoration (8ms)
Platform modules already initialized, skipping
Refreshing native plugins compatible for Editor in 0.54 ms, found 3 plugins.
Preloading 0 native plugins for Editor in 0.00 ms.
Unloading 2081 Unused Serialized files (Serialized files now loaded: 0)
System memory in use before: 92.6 MB.
System memory in use after: 92.7 MB.

Unloading 14 unused Assets to reduce memory usage. Loaded Objects now: 2537.
Total: 2.643800 ms (FindLiveObjects: 0.191600 ms CreateObjectMapping: 0.034400 ms MarkObjects: 2.394400 ms  DeleteObjects: 0.022400 ms)

AssetImportParameters requested are different than current active one (requested -> active):
  custom:framework-win-MediaFoundation: 216162199b28c13a410421893ffa2e32 -> 
  custom:video-decoder-ogg-theora: a1e56fd34408186e4bbccfd4996cb3dc -> 
  custom:container-muxer-webm: aa71ff27fc2769a1b78a27578f13a17b -> 
  custom:container-demuxer-webm: 4f35f7cbe854078d1ac9338744f61a02 -> 
  custom:container-demuxer-ogg: 62fdf1f143b41e24485cea50d1cbac27 -> 
  custom:video-encoder-webm-vp8: eb34c28f22e8b96e1ab97ce403110664 -> 
  custom:video-codec-MediaFoundation-h265: 746d11721c4dcdbdad8f713fa42b33f4 -> 
  custom:video-decoder-webm-vp8: 9c59270c3fd7afecdb556c50c9e8de78 -> 
  custom:audio-decoder-ogg-vorbis: bf7c407c2cedff20999df2af8eb42d56 -> 
  custom:audio-encoder-webm-vorbis: bf7c407c2cedff20999df2af8eb42d56 -> 
========================================================================
Received Prepare
Registering precompiled user dll's ...
Registered in 0.001763 seconds.
Begin MonoManager ReloadAssembly
Native extension for WindowsStandalone target not found
Refreshing native plugins compatible for Editor in 0.39 ms, found 3 plugins.
Preloading 0 native plugins for Editor in 0.00 ms.
Mono: successfully reloaded assembly
- Completed reload, in  0.699 seconds
Domain Reload Profiling:
	ReloadAssembly (700ms)
		BeginReloadAssembly (84ms)
			ExecutionOrderSort (0ms)
			DisableScriptedObjects (4ms)
			BackupInstance (0ms)
			ReleaseScriptingObjects (0ms)
			CreateAndSetChildDomain (27ms)
		EndReloadAssembly (572ms)
			LoadAssemblies (60ms)
			RebuildTransferFunctionScriptingTraits (0ms)
			SetupTypeCache (196ms)
			ReleaseScriptCaches (1ms)
			RebuildScriptCaches (31ms)
			SetupLoadedEditorAssemblies (209ms)
				LogAssemblyErrors (0ms)
				InitializePlatformSupportModulesInManaged (4ms)
				SetLoadedEditorAssemblies (1ms)
				RefreshPlugins (0ms)
				BeforeProcessingInitializeOnLoad (45ms)
				ProcessInitializeOnLoadAttributes (151ms)
				ProcessInitializeOnLoadMethodAttributes (4ms)
				AfterProcessingInitializeOnLoad (3ms)
				EditorAssembliesLoaded (0ms)
			ExecutionOrderSort2 (0ms)
			AwakeInstancesAfterBackupRestoration (7ms)
Platform modules already initialized, skipping
Refreshing native plugins compatible for Editor in 0.39 ms, found 3 plugins.
Preloading 0 native plugins for Editor in 0.00 ms.
Unloading 2081 Unused Serialized files (Serialized files now loaded: 0)
System memory in use before: 92.6 MB.
System memory in use after: 92.7 MB.

Unloading 14 unused Assets to reduce memory usage. Loaded Objects now: 2540.
Total: 2.326200 ms (FindLiveObjects: 0.125700 ms CreateObjectMapping: 0.037200 ms MarkObjects: 2.146200 ms  DeleteObjects: 0.016100 ms)

AssetImportParameters requested are different than current active one (requested -> active):
  custom:framework-win-MediaFoundation: 216162199b28c13a410421893ffa2e32 -> 
  custom:video-decoder-ogg-theora: a1e56fd34408186e4bbccfd4996cb3dc -> 
  custom:container-muxer-webm: aa71ff27fc2769a1b78a27578f13a17b -> 
  custom:container-demuxer-webm: 4f35f7cbe854078d1ac9338744f61a02 -> 
  custom:container-demuxer-ogg: 62fdf1f143b41e24485cea50d1cbac27 -> 
  custom:video-encoder-webm-vp8: eb34c28f22e8b96e1ab97ce403110664 -> 
  custom:video-codec-MediaFoundation-h265: 746d11721c4dcdbdad8f713fa42b33f4 -> 
  custom:video-decoder-webm-vp8: 9c59270c3fd7afecdb556c50c9e8de78 -> 
  custom:audio-decoder-ogg-vorbis: bf7c407c2cedff20999df2af8eb42d56 -> 
  custom:audio-encoder-webm-vorbis: bf7c407c2cedff20999df2af8eb42d56 -> 
========================================================================
Received Import Request.
  Time since last request: 610.151018 seconds.
  path: Assets/Scenes/SampleScene.unity
  artifactKey: Guid(2cda990e2423bbf4892e6590ba056729) Importer(815301076,1909f56bfc062723c751e8b465ee728b)
Start importing Assets/Scenes/SampleScene.unity using Guid(2cda990e2423bbf4892e6590ba056729) Importer(815301076,1909f56bfc062723c751e8b465ee728b)  -> (artifact id: '325644067654e246fa1aca1358a3c2a7') in 0.018037 seconds 
  Import took 0.021203 seconds .

========================================================================
Received Import Request.
  Time since last request: 2.643287 seconds.
  path: Assets/Scenes
  artifactKey: Guid(4f50851b3bada824a821b3739ed0851d) Importer(815301076,1909f56bfc062723c751e8b465ee728b)
Start importing Assets/Scenes using Guid(4f50851b3bada824a821b3739ed0851d) Importer(815301076,1909f56bfc062723c751e8b465ee728b)  -> (artifact id: 'b5a68bceda954128c8d2639319ff367f') in 0.008598 seconds 
  Import took 0.011995 seconds .

========================================================================
Received Import Request.
  Time since last request: 36.009139 seconds.
  path: Assets/Scenes/InClassWalkthrough.unity
  artifactKey: Guid(c4646605d98208a43ae63a3906da4b7d) Importer(815301076,1909f56bfc062723c751e8b465ee728b)
Start importing Assets/Scenes/InClassWalkthrough.unity using Guid(c4646605d98208a43ae63a3906da4b7d) Importer(815301076,1909f56bfc062723c751e8b465ee728b)  -> (artifact id: '844b253435aaf49979474c6976cd09f4') in 0.008211 seconds 
  Import took 0.012270 seconds .

========================================================================
Received Import Request.
  Time since last request: 23.825858 seconds.
  path: Assets/Scenes/2DWeekGame.unity
  artifactKey: Guid(04f9b341260213a4b8e1b92175d8ed40) Importer(815301076,1909f56bfc062723c751e8b465ee728b)
Start importing Assets/Scenes/2DWeekGame.unity using Guid(04f9b341260213a4b8e1b92175d8ed40) Importer(815301076,1909f56bfc062723c751e8b465ee728b)  -> (artifact id: 'df04a523ae64306d4d2759250e9da20b') in 0.007972 seconds 
  Import took 0.011716 seconds .

========================================================================
Received Import Request.
  Time since last request: 5089.850777 seconds.
  path: Assets/Sprites/Adventurer Sprite Sheet v1.1.png
  artifactKey: Guid(95d8d8c56ffa42e42aeef56c193ea270) Importer(815301076,1909f56bfc062723c751e8b465ee728b)
Start importing Assets/Sprites/Adventurer Sprite Sheet v1.1.png using Guid(95d8d8c56ffa42e42aeef56c193ea270) Importer(815301076,1909f56bfc062723c751e8b465ee728b)  -> (artifact id: 'e2ec545ac8eff7d498c3479bc55e7e6a') in 0.215105 seconds 
  Import took 0.248729 seconds .

========================================================================
Received Import Request.
  Time since last request: 15.852962 seconds.
  path: Assets/Sprites/Old enemies 2.png
  artifactKey: Guid(75b86c8c4cab70a4dad10731b512e301) Importer(815301076,1909f56bfc062723c751e8b465ee728b)
Start importing Assets/Sprites/Old enemies 2.png using Guid(75b86c8c4cab70a4dad10731b512e301) Importer(815301076,1909f56bfc062723c751e8b465ee728b)  -> (artifact id: '96b79d2463da221e61647a2cc9af859d') in 0.019822 seconds 
  Import took 0.023142 seconds .

========================================================================
Received Import Request.
  Time since last request: 17.170337 seconds.
  path: Assets/Sprites/Standard sprites upd.png
  artifactKey: Guid(421f389172a188b40a2c2f9f2a18355e) Importer(815301076,1909f56bfc062723c751e8b465ee728b)
Start importing Assets/Sprites/Standard sprites upd.png using Guid(421f389172a188b40a2c2f9f2a18355e) Importer(815301076,1909f56bfc062723c751e8b465ee728b)  -> (artifact id: '67a248ea86776abc3c3af910a5e41bcb') in 0.016368 seconds 
  Import took 0.019331 seconds .

========================================================================
Received Import Request.
  Time since last request: 269.521776 seconds.
  path: Assets/Sprites/cannonbobmouth.png
  artifactKey: Guid(d9157fdf789a69e48a123039df501623) Importer(815301076,1909f56bfc062723c751e8b465ee728b)
Start importing Assets/Sprites/cannonbobmouth.png using Guid(d9157fdf789a69e48a123039df501623) Importer(815301076,1909f56bfc062723c751e8b465ee728b)  -> (artifact id: 'f2b611657960d4a1ada22d01ee79d579') in 0.018897 seconds 
  Import took 0.022902 seconds .

========================================================================
Received Import Request.
  Time since last request: 39.992032 seconds.
  path: Assets/Sprites/Adventurer Sprite Sheet v1.1.png
  artifactKey: Guid(95d8d8c56ffa42e42aeef56c193ea270) Importer(815301076,1909f56bfc062723c751e8b465ee728b)
Start importing Assets/Sprites/Adventurer Sprite Sheet v1.1.png using Guid(95d8d8c56ffa42e42aeef56c193ea270) Importer(815301076,1909f56bfc062723c751e8b465ee728b)  -> (artifact id: '167625e6587d197cd1ade106923cadca') in 0.012433 seconds 
  Import took 0.016247 seconds .

========================================================================
Received Import Request.
  Time since last request: 12.942200 seconds.
  path: Assets/Sprites/Adventurer Sprite Sheet v1.1.png
  artifactKey: Guid(95d8d8c56ffa42e42aeef56c193ea270) Importer(815301076,1909f56bfc062723c751e8b465ee728b)
Start importing Assets/Sprites/Adventurer Sprite Sheet v1.1.png using Guid(95d8d8c56ffa42e42aeef56c193ea270) Importer(815301076,1909f56bfc062723c751e8b465ee728b)  -> (artifact id: 'aeca040e1052921d37a74a186cec6fe5') in 0.007525 seconds 
  Import took 0.010987 seconds .

========================================================================
Received Import Request.
  Time since last request: 22.263210 seconds.
  path: Assets/Sprites/Adventurer Sprite Sheet v1.1.png
  artifactKey: Guid(95d8d8c56ffa42e42aeef56c193ea270) Importer(815301076,1909f56bfc062723c751e8b465ee728b)
Start importing Assets/Sprites/Adventurer Sprite Sheet v1.1.png using Guid(95d8d8c56ffa42e42aeef56c193ea270) Importer(815301076,1909f56bfc062723c751e8b465ee728b)  -> (artifact id: '5db37a9e863657343fce072a18fa2c7d') in 0.010236 seconds 
  Import took 0.013245 seconds .

========================================================================
Received Import Request.
  Time since last request: 75.855803 seconds.
  path: Assets/Sprites/Adventurer Sprite Sheet v1.1.png
  artifactKey: Guid(95d8d8c56ffa42e42aeef56c193ea270) Importer(815301076,1909f56bfc062723c751e8b465ee728b)
Start importing Assets/Sprites/Adventurer Sprite Sheet v1.1.png using Guid(95d8d8c56ffa42e42aeef56c193ea270) Importer(815301076,1909f56bfc062723c751e8b465ee728b)  -> (artifact id: 'd0a10ca978a3178591dc0d21e1e4d25a') in 0.271878 seconds 
  Import took 0.275631 seconds .

========================================================================
Received Import Request.
  Time since last request: 22.958162 seconds.
  path: Assets/Sprites/cannonbobmouth.png
  artifactKey: Guid(d9157fdf789a69e48a123039df501623) Importer(815301076,1909f56bfc062723c751e8b465ee728b)
Start importing Assets/Sprites/cannonbobmouth.png using Guid(d9157fdf789a69e48a123039df501623) Importer(815301076,1909f56bfc062723c751e8b465ee728b)  -> (artifact id: '605eaa8862b01087f5fcb89b6e1b0558') in 0.011470 seconds 
  Import took 0.014858 seconds .

========================================================================
Received Import Request.
  Time since last request: 14.468684 seconds.
  path: Assets/Sprites/cannonbobmouth.png
  artifactKey: Guid(d9157fdf789a69e48a123039df501623) Importer(815301076,1909f56bfc062723c751e8b465ee728b)
Start importing Assets/Sprites/cannonbobmouth.png using Guid(d9157fdf789a69e48a123039df501623) Importer(815301076,1909f56bfc062723c751e8b465ee728b)  -> (artifact id: '260294321ae426b9e9d5a9ae93f79977') in 0.035034 seconds 
  Import took 0.038520 seconds .

========================================================================
Received Import Request.
  Time since last request: 23.258731 seconds.
  path: Assets/Sprites/cannonbobmouth.png
  artifactKey: Guid(d9157fdf789a69e48a123039df501623) Importer(815301076,1909f56bfc062723c751e8b465ee728b)
Start importing Assets/Sprites/cannonbobmouth.png using Guid(d9157fdf789a69e48a123039df501623) Importer(815301076,1909f56bfc062723c751e8b465ee728b)  -> (artifact id: 'bad96aff009ca6690694924402cdedc5') in 0.033561 seconds 
  Import took 0.037706 seconds .

